Importer Log Report
Project : UNO-TH_Rev3e.PrjPcb

Section : Analyze Document - C:\proyecto\UNO-TH_Rev3e.brd
    Analyzing data of C:\proyecto\UNO-TH_Rev3e.brd
    Load settings
    Load layers 174
    Load board
    Load Library "rcl"
    Load Packages 2
    Load Library "diode"
    Load Packages 2
    Load Library "led"
    Load Packages 1
    Load Library "linear"
    Load Packages 2
    Load Library "SmartPrj"
    Load Packages 17
    Load Library "zetex"
    Load Packages 1
    Load Library "jumper"
    Load Packages 1
    Load Library "varistor"
    Load Packages 1
    Load Library "wuerth-elektronik"
    Load Packages 1
    Load Library "resistor-dil"
    Load Packages 1
    Load Library "Induttanze"
    Load Packages 1
    Load Library "Arduino-utility"
    Load Packages 1
    ERROR: Unhandled typemfgpreviewcolors
    ERROR: Unhandled typeerrors
EndSection

Section : Analyze Document - C:\proyecto\UNO-TH_Rev3e.sch
    Analyzing data of C:\proyecto\UNO-TH_Rev3e.sch
    Load settings
    Load layers 174
    Load schematic
    Load Libraries 13
    Load Library "supply1"
    Load Packages 0
    Load Symbols 2
    Load DeviceSets 2
    Load Library "rcl"
    Load Packages 238
    Load Symbols 2
    Load DeviceSets 2
    Load Library "diode"
    Load Packages 62
    Load Symbols 1
    Load DeviceSets 1
    Load Library "led"
    Load Packages 34
    Load Symbols 1
    Load DeviceSets 1
    Load Library "linear"
    Load Packages 3
    Load Symbols 3
    Load DeviceSets 2
    Load Library "SmartPrj"
    Load Packages 170
    Load Symbols 17
    Load DeviceSets 17
    Load Library "zetex"
    Load Packages 1
    Load Symbols 1
    Load DeviceSets 1
    Load Library "jumper"
    Load Packages 2
    Load Symbols 1
    Load DeviceSets 1
    Load Library "varistor"
    Load Packages 34
    Load Symbols 1
    Load DeviceSets 1
    Load Library "wuerth-elektronik"
    Load Packages 7
    Load Symbols 1
    Load DeviceSets 1
    Load Library "resistor-dil"
    Load Packages 12
    Load Symbols 1
    Load DeviceSets 1
    Load Library "Induttanze"
    Load Packages 1
    Load Symbols 1
    Load DeviceSets 1
    Load Library "Arduino-utility"
    Load Packages 1
    Load Symbols 1
    Load DeviceSets 1
    Load Attributes 0
    Load Classes 5
    Load Parts 151
    Load Sheets 1
EndSection
