Add Pin To Net: Unknown Pin: Pin TP_0-X
Add Pin To Net: Unknown Pin: Pin TP_1-X
Add Pin To Net: Unknown Pin: Pin TP_2-X
Add Pin To Net: Unknown Pin: Pin TP_3V3-X
Add Pin To Net: Unknown Pin: Pin TP_3-X
Add Pin To Net: Unknown Pin: Pin TP_4-X
Add Pin To Net: Unknown Pin: Pin TP_5V1-X
Add Pin To Net: Unknown Pin: Pin TP_5V-X
Add Pin To Net: Unknown Pin: Pin TP_5-X
Add Pin To Net: Unknown Pin: Pin TP_6-X
Add Pin To Net: Unknown Pin: Pin TP_7-X
Add Pin To Net: Unknown Pin: Pin TP_8-X
Add Pin To Net: Unknown Pin: Pin TP_9-X
Add Pin To Net: Unknown Pin: Pin TP_10-X
Add Pin To Net: Unknown Pin: Pin TP_11-X
Add Pin To Net: Unknown Pin: Pin TP_12-X
Add Pin To Net: Unknown Pin: Pin TP_13-X
Add Pin To Net: Unknown Pin: Pin TP_A0-X
Add Pin To Net: Unknown Pin: Pin TP_A1-X
Add Pin To Net: Unknown Pin: Pin TP_A2-X
Add Pin To Net: Unknown Pin: Pin TP_A3-X
Add Pin To Net: Unknown Pin: Pin TP_A4-X
Add Pin To Net: Unknown Pin: Pin TP_A5-X
Add Pin To Net: Unknown Pin: Pin TP_AREF-X
Add Pin To Net: Unknown Pin: Pin TP_CMP-X
Add Pin To Net: Unknown Pin: Pin TP_D+-X
Add Pin To Net: Unknown Pin: Pin TP_DTR-X
Add Pin To Net: Unknown Pin: Pin TP_D--X
Add Pin To Net: Unknown Pin: Pin TP_GATE-X
Add Pin To Net: Unknown Pin: Pin TP_LCMD-X
Add Pin To Net: Unknown Pin: Pin TP_LL-X
Add Pin To Net: Unknown Pin: Pin TP_MISO2-X
Add Pin To Net: Unknown Pin: Pin TP_MOSI2-X
Add Pin To Net: Unknown Pin: Pin TP_ONL-X
Add Pin To Net: Unknown Pin: Pin TP_PB4-X
Add Pin To Net: Unknown Pin: Pin TP_PB5-X
Add Pin To Net: Unknown Pin: Pin TP_PB6-X
Add Pin To Net: Unknown Pin: Pin TP_PB7-X
Add Pin To Net: Unknown Pin: Pin TP_PWRIN-X
Add Pin To Net: Unknown Pin: Pin TP_RESET2-X
Add Pin To Net: Unknown Pin: Pin TP_RESET-X
Add Pin To Net: Unknown Pin: Pin TP_RXL-X
Add Pin To Net: Unknown Pin: Pin TP_RX-X
Add Pin To Net: Unknown Pin: Pin TP_SCK2-X
Add Pin To Net: Unknown Pin: Pin TP_SCL-X
Add Pin To Net: Unknown Pin: Pin TP_SDA-X
Add Pin To Net: Unknown Pin: Pin TP_TXL-X
Add Pin To Net: Unknown Pin: Pin TP_TX-X
Add Pin To Net: Unknown Pin: Pin TP_UGND-X
Add Pin To Net: Unknown Pin: Pin TP_USBVCC-X
Add Pin To Net: Unknown Pin: Pin TP_USH-X
Add Pin To Net: Unknown Pin: Pin TP_VIN-X
Add Pin To Net: Unknown Pin: Pin TP_VUCAP-X
Add Pin To Net: Unknown Pin: Pin TP_XT1-X
Add Pin To Net: Unknown Pin: Pin TP_XT2-X
Add Pin To Net: Unknown Pin: Pin TP_XT3-X
Add Pin To Net: Unknown Pin: Pin TP_XT4-X
Add Pin To Net: Unknown Pin: Pin TP_XUSB-X
Added Member To Class: ClassName=UNO-TH_Rev3e Member=Component RN1 10K
Added Member To Class: ClassName=UNO-TH_Rev3e Member=Component U5 LMV358IDGKR
